# Logfile created on 2023-11-01 11:26:51 -0300 by logger.rb/v1.4.2
I, [2023-11-01T11:26:51.926493 #34347]  INFO -- : Start runninds seeds...
I, [2023-11-01T11:27:24.800843 #34522]  INFO -- : Start runninds seeds...
I, [2023-11-01T11:27:45.603234 #34645]  INFO -- : Start runninds seeds...
I, [2023-11-01T11:27:45.603485 #34645]  INFO -- : Running seed: 01_groups_seed.rb
I, [2023-11-01T11:27:47.131448 #34645]  INFO -- : Seed 01_groups_seed.rb finished in 1.53 seconds.
I, [2023-11-01T11:27:47.131489 #34645]  INFO -- : Running seed: 02_job_kinds_seed.rb
I, [2023-11-01T11:27:47.154685 #34645]  INFO -- : Seed 02_job_kinds_seed.rb finished in 0.02 seconds.
I, [2023-11-01T11:27:47.154707 #34645]  INFO -- : Running seed: 03_countries_seed.rb
I, [2023-11-01T11:27:47.161265 #34645]  INFO -- : Seed 03_countries_seed.rb finished in 0.01 seconds.
I, [2023-11-01T11:27:47.161280 #34645]  INFO -- : Running seed: 04_cities_seed.rb
I, [2023-11-01T11:27:47.203516 #34645]  INFO -- : Seed 04_cities_seed.rb finished in 0.04 seconds.
I, [2023-11-01T11:27:47.203543 #34645]  INFO -- : Running seed: 05_billing_types_seed.rb
I, [2023-11-01T11:27:47.224178 #34645]  INFO -- : Seed 05_billing_types_seed.rb finished in 0.02 seconds.
I, [2023-11-01T11:27:47.224209 #34645]  INFO -- : Running seed: 06_currencies_seed.rb
I, [2023-11-01T11:27:47.902010 #34645]  INFO -- : Seed 06_currencies_seed.rb finished in 0.68 seconds.
I, [2023-11-01T11:27:47.902039 #34645]  INFO -- : Running seed: 07_ categories_seed.rb
I, [2023-11-01T11:27:47.943538 #34645]  INFO -- : Seed 07_ categories_seed.rb finished in 0.04 seconds.
I, [2023-11-01T11:27:47.943564 #34645]  INFO -- : Running seed: 08_job_level_seed.rb
E, [2023-11-01T11:27:47.946504 #34645] ERROR -- : Error running 08_job_level_seed.rb: uninitialized constant JobLevel
I, [2023-11-01T11:27:47.946523 #34645]  INFO -- : Finished running seeds.
I, [2023-11-01T11:29:13.734520 #34981]  INFO -- : Start runninds seeds...
I, [2023-11-01T11:29:13.734768 #34981]  INFO -- : Running seed: 01_groups_seed.rb
I, [2023-11-01T11:29:13.969199 #34981]  INFO -- : Seed 01_groups_seed.rb finished in 0.23 seconds.
I, [2023-11-01T11:29:13.969223 #34981]  INFO -- : Running seed: 02_job_kinds_seed.rb
I, [2023-11-01T11:29:13.999761 #34981]  INFO -- : Seed 02_job_kinds_seed.rb finished in 0.03 seconds.
I, [2023-11-01T11:29:13.999783 #34981]  INFO -- : Running seed: 03_countries_seed.rb
I, [2023-11-01T11:29:14.007456 #34981]  INFO -- : Seed 03_countries_seed.rb finished in 0.01 seconds.
I, [2023-11-01T11:29:14.007474 #34981]  INFO -- : Running seed: 04_cities_seed.rb
I, [2023-11-01T11:29:14.055862 #34981]  INFO -- : Seed 04_cities_seed.rb finished in 0.05 seconds.
I, [2023-11-01T11:29:14.055895 #34981]  INFO -- : Running seed: 05_billing_types_seed.rb
I, [2023-11-01T11:29:14.080006 #34981]  INFO -- : Seed 05_billing_types_seed.rb finished in 0.02 seconds.
I, [2023-11-01T11:29:14.080028 #34981]  INFO -- : Running seed: 06_currencies_seed.rb
I, [2023-11-01T11:29:14.803890 #34981]  INFO -- : Seed 06_currencies_seed.rb finished in 0.72 seconds.
I, [2023-11-01T11:29:14.803915 #34981]  INFO -- : Running seed: 07_ categories_seed.rb
I, [2023-11-01T11:29:14.852861 #34981]  INFO -- : Seed 07_ categories_seed.rb finished in 0.05 seconds.
I, [2023-11-01T11:29:14.852885 #34981]  INFO -- : Running seed: 08_job_level_seed.rb
E, [2023-11-01T11:29:14.855663 #34981] ERROR -- : Error running 08_job_level_seed.rb: uninitialized constant JobLevel
I, [2023-11-01T11:29:14.855674 #34981]  INFO -- : Finished running seeds.
I, [2023-11-01T11:30:36.745536 #35142]  INFO -- : Running seed: 01_groups_seed.rb
I, [2023-11-01T11:30:37.027274 #35142]  INFO -- : Seed 01_groups_seed.rb finished in 0.28 seconds.
I, [2023-11-01T11:30:37.027302 #35142]  INFO -- : Running seed: 02_job_kinds_seed.rb
I, [2023-11-01T11:30:37.046609 #35142]  INFO -- : Seed 02_job_kinds_seed.rb finished in 0.02 seconds.
I, [2023-11-01T11:30:37.046634 #35142]  INFO -- : Running seed: 03_countries_seed.rb
I, [2023-11-01T11:30:37.053156 #35142]  INFO -- : Seed 03_countries_seed.rb finished in 0.01 seconds.
I, [2023-11-01T11:30:37.053179 #35142]  INFO -- : Running seed: 04_cities_seed.rb
I, [2023-11-01T11:30:37.075715 #35142]  INFO -- : Seed 04_cities_seed.rb finished in 0.02 seconds.
I, [2023-11-01T11:30:37.075751 #35142]  INFO -- : Running seed: 05_billing_types_seed.rb
I, [2023-11-01T11:30:37.091378 #35142]  INFO -- : Seed 05_billing_types_seed.rb finished in 0.02 seconds.
I, [2023-11-01T11:30:37.091399 #35142]  INFO -- : Running seed: 06_currencies_seed.rb
I, [2023-11-01T11:30:37.476158 #35142]  INFO -- : Seed 06_currencies_seed.rb finished in 0.38 seconds.
I, [2023-11-01T11:30:37.476184 #35142]  INFO -- : Running seed: 07_ categories_seed.rb
I, [2023-11-01T11:30:37.505798 #35142]  INFO -- : Seed 07_ categories_seed.rb finished in 0.03 seconds.
I, [2023-11-01T11:30:37.505824 #35142]  INFO -- : Running seed: 08_job_level_seed.rb
E, [2023-11-01T11:30:37.508507 #35142] ERROR -- : Error running 08_job_level_seed.rb: uninitialized constant JobLevel
I, [2023-11-01T11:48:22.502987 #39182]  INFO -- : Start runninds seeds...
I, [2023-11-01T11:48:22.503044 #39182]  INFO -- : Running seed: 01_groups_seed.rb
I, [2023-11-01T11:48:22.743419 #39182]  INFO -- : Seed 01_groups_seed.rb finished in 0.24 seconds.
I, [2023-11-01T11:48:22.743442 #39182]  INFO -- : Running seed: 02_job_kinds_seed.rb
I, [2023-11-01T11:48:22.770468 #39182]  INFO -- : Seed 02_job_kinds_seed.rb finished in 0.03 seconds.
I, [2023-11-01T11:48:22.770493 #39182]  INFO -- : Running seed: 03_countries_seed.rb
I, [2023-11-01T11:48:22.776993 #39182]  INFO -- : Seed 03_countries_seed.rb finished in 0.01 seconds.
I, [2023-11-01T11:48:22.777010 #39182]  INFO -- : Running seed: 04_cities_seed.rb
I, [2023-11-01T11:48:22.852980 #39182]  INFO -- : Seed 04_cities_seed.rb finished in 0.08 seconds.
I, [2023-11-01T11:48:22.853010 #39182]  INFO -- : Running seed: 05_billing_types_seed.rb
I, [2023-11-01T11:48:22.872980 #39182]  INFO -- : Seed 05_billing_types_seed.rb finished in 0.02 seconds.
I, [2023-11-01T11:48:22.873006 #39182]  INFO -- : Running seed: 06_currencies_seed.rb
I, [2023-11-01T11:48:23.484934 #39182]  INFO -- : Seed 06_currencies_seed.rb finished in 0.61 seconds.
I, [2023-11-01T11:48:23.484966 #39182]  INFO -- : Running seed: 07_ categories_seed.rb
I, [2023-11-01T11:48:23.520109 #39182]  INFO -- : Seed 07_ categories_seed.rb finished in 0.04 seconds.
I, [2023-11-01T11:48:23.520140 #39182]  INFO -- : Running seed: 08_job_levels_seed.rb
I, [2023-11-01T11:48:23.546098 #39182]  INFO -- : Seed 08_job_levels_seed.rb finished in 0.03 seconds.
I, [2023-11-01T11:48:23.546122 #39182]  INFO -- : Running seed: 09_users_seed.rb
I, [2023-11-01T11:50:19.695738 #39700]  INFO -- : Start runninds seeds...
I, [2023-11-01T11:50:19.695991 #39700]  INFO -- : Running seed: 01_groups_seed.rb
I, [2023-11-01T11:50:19.911426 #39700]  INFO -- : Seed 01_groups_seed.rb finished in 0.22 seconds.
I, [2023-11-01T11:50:19.911456 #39700]  INFO -- : Running seed: 02_job_kinds_seed.rb
I, [2023-11-01T11:50:19.934183 #39700]  INFO -- : Seed 02_job_kinds_seed.rb finished in 0.02 seconds.
I, [2023-11-01T11:50:19.934207 #39700]  INFO -- : Running seed: 03_countries_seed.rb
I, [2023-11-01T11:50:19.940661 #39700]  INFO -- : Seed 03_countries_seed.rb finished in 0.01 seconds.
I, [2023-11-01T11:50:19.940681 #39700]  INFO -- : Running seed: 04_cities_seed.rb
I, [2023-11-01T11:50:19.992684 #39700]  INFO -- : Seed 04_cities_seed.rb finished in 0.05 seconds.
I, [2023-11-01T11:50:19.992714 #39700]  INFO -- : Running seed: 05_billing_types_seed.rb
I, [2023-11-01T11:50:20.010480 #39700]  INFO -- : Seed 05_billing_types_seed.rb finished in 0.02 seconds.
I, [2023-11-01T11:50:20.010504 #39700]  INFO -- : Running seed: 06_currencies_seed.rb
I, [2023-11-01T11:50:20.598808 #39700]  INFO -- : Seed 06_currencies_seed.rb finished in 0.59 seconds.
I, [2023-11-01T11:50:20.598839 #39700]  INFO -- : Running seed: 07_ categories_seed.rb
I, [2023-11-01T11:50:20.635084 #39700]  INFO -- : Seed 07_ categories_seed.rb finished in 0.04 seconds.
I, [2023-11-01T11:50:20.635111 #39700]  INFO -- : Running seed: 08_job_levels_seed.rb
I, [2023-11-01T11:50:20.663859 #39700]  INFO -- : Seed 08_job_levels_seed.rb finished in 0.03 seconds.
I, [2023-11-01T11:50:20.663898 #39700]  INFO -- : Running seed: 09_users_seed.rb
E, [2023-11-01T11:50:20.667070 #39700] ERROR -- : Error running 09_users_seed.rb: uninitialized constant Country
Did you mean?  Countries
I, [2023-11-01T11:50:20.667087 #39700]  INFO -- : Finished running seeds.
